DEB [20160308-01:45:01.479] thr=1   paramiko.transport: starting thread (client mode): 0x31c2048L
INF [20160308-01:45:01.493] thr=1   paramiko.transport: Connected (version 2.0, client OpenSSH_5.3)
DEB [20160308-01:45:01.493] thr=1   paramiko.transport: kex algos:[u'diffie-hellman-group-exchange-sha256', u'diffie-hellman-group-exchange-sha1', u'diffie-hellman-group14-sha1', u'diffie-hellman-group1-sha1'] server key:[u'ssh-rsa', u'ssh-dss'] client encrypt:[u'aes128-ctr', u'aes192-ctr', u'aes256-ctr', u'arcfour256', u'arcfour128', u'aes128-cbc', u'3des-cbc', u'blowfish-cbc', u'cast128-cbc', u'aes192-cbc', u'aes256-cbc', u'arcfour', u'rijndael-cbc@lysator.liu.se'] server encrypt:[u'aes128-ctr', u'aes192-ctr', u'aes256-ctr', u'arcfour256', u'arcfour128', u'aes128-cbc', u'3des-cbc', u'blowfish-cbc', u'cast128-cbc', u'aes192-cbc', u'aes256-cbc', u'arcfour', u'rijndael-cbc@lysator.liu.se'] client mac:[u'hmac-md5', u'hmac-sha1', u'umac-64@openssh.com', u'hmac-sha2-256', u'hmac-sha2-512', u'hmac-ripemd160', u'hmac-ripemd160@openssh.com', u'hmac-sha1-96', u'hmac-md5-96'] server mac:[u'hmac-md5', u'hmac-sha1', u'umac-64@openssh.com', u'hmac-sha2-256', u'hmac-sha2-512', u'hmac-ripemd160', u'hmac-ripemd160@openssh.com', u'hmac-sha1-96', u'hmac-md5-96'] client compress:[u'none', u'zlib@openssh.com'] server compress:[u'none', u'zlib@openssh.com'] client lang:[u''] server lang:[u''] kex follows?False
DEB [20160308-01:45:01.493] thr=1   paramiko.transport: Ciphers agreed: local=aes128-ctr, remote=aes128-ctr
DEB [20160308-01:45:01.493] thr=1   paramiko.transport: using kex diffie-hellman-group14-sha1; server key type ssh-rsa; cipher: local aes128-ctr, remote aes128-ctr; mac: local hmac-sha1, remote hmac-sha1; compression: local none, remote none
DEB [20160308-01:45:01.525] thr=1   paramiko.transport: Switch to new keys ...
DEB [20160308-01:45:01.540] thr=2   paramiko.transport: Adding ssh-rsa host key for ctr-prd.bns: 24ae137473ffeca045acabb263fe31ad
DEB [20160308-01:45:01.556] thr=1   paramiko.transport: userauth is OK
INF [20160308-01:45:01.588] thr=1   paramiko.transport: Authentication (password) successful!
DEB [20160308-01:45:01.602] thr=2   paramiko.transport: [chan 0] Max packet in: 32768 bytes
DEB [20160308-01:45:01.602] thr=1   paramiko.transport: [chan 0] Max packet out: 32768 bytes
DEB [20160308-01:45:01.602] thr=1   paramiko.transport: Secsh channel 0 opened.
DEB [20160308-01:45:01.618] thr=1   paramiko.transport: [chan 0] Sesch channel 0 request ok
DEB [20160308-01:45:01.618] thr=2   paramiko.transport: [chan 1] Max packet in: 32768 bytes
DEB [20160308-01:45:01.618] thr=1   paramiko.transport: [chan 1] Max packet out: 32768 bytes
DEB [20160308-01:45:01.618] thr=1   paramiko.transport: Secsh channel 1 opened.
DEB [20160308-01:45:01.634] thr=1   paramiko.transport: [chan 1] Sesch channel 1 request ok
INF [20160308-01:45:01.634] thr=2   paramiko.transport.sftp: [chan 1] Opened sftp connection (server version 3)
DEB [20160308-01:45:01.634] thr=2   paramiko.transport.sftp: [chan 1] listdir('/opt/ctr/ctr/ctrapp/ctr/ctrarchive/outfiles/riskwatch/')
DEB [20160308-01:45:01.650] thr=1   paramiko.transport: [chan 0] EOF received (0)
DEB [20160308-01:45:01.650] thr=1   paramiko.transport: [chan 0] EOF sent (0)
DEB [20160308-01:45:03.335] thr=2   paramiko.transport.sftp: [chan 1] stat('/opt/ctr/ctr/ctrapp/ctr/ctrarchive/outfiles/riskwatch/ANVILLON_CSM_T-Bill_D_20160224_10_Stress_Testing.csv')
DEB [20160308-01:45:03.335] thr=2   paramiko.transport.sftp: [chan 1] open('/opt/ctr/ctr/ctrapp/ctr/ctrarchive/outfiles/riskwatch/ANVILLON_CSM_T-Bill_D_20160224_10_Stress_Testing.csv', 'rb')
DEB [20160308-01:45:03.335] thr=2   paramiko.transport.sftp: [chan 1] open('/opt/ctr/ctr/ctrapp/ctr/ctrarchive/outfiles/riskwatch/ANVILLON_CSM_T-Bill_D_20160224_10_Stress_Testing.csv', 'rb') -> 00000000
DEB [20160308-01:45:03.335] thr=2   paramiko.transport.sftp: [chan 1] stat('/opt/ctr/ctr/ctrapp/ctr/ctrarchive/outfiles/riskwatch/ANVILLON_CSM_T-Bill_D_20160224_10_Stress_Testing.csv')
DEB [20160308-01:45:03.335] thr=2   paramiko.transport.sftp: [chan 1] close(00000000)
DEB [20160308-01:45:03.335] thr=2   paramiko.transport.sftp: [chan 1] stat('/opt/ctr/ctr/ctrapp/ctr/ctrarchive/outfiles/riskwatch/ANVILLON_CSM_T-Bill_D_20160224_10_Stress_Testing.csv.mrk')
DEB [20160308-01:45:03.335] thr=2   paramiko.transport.sftp: [chan 1] open('/opt/ctr/ctr/ctrapp/ctr/ctrarchive/outfiles/riskwatch/ANVILLON_CSM_T-Bill_D_20160224_10_Stress_Testing.csv.mrk', 'rb')
DEB [20160308-01:45:03.335] thr=2   paramiko.transport.sftp: [chan 1] open('/opt/ctr/ctr/ctrapp/ctr/ctrarchive/outfiles/riskwatch/ANVILLON_CSM_T-Bill_D_20160224_10_Stress_Testing.csv.mrk', 'rb') -> 00000000
DEB [20160308-01:45:03.335] thr=2   paramiko.transport.sftp: [chan 1] stat('/opt/ctr/ctr/ctrapp/ctr/ctrarchive/outfiles/riskwatch/ANVILLON_CSM_T-Bill_D_20160224_10_Stress_Testing.csv.mrk')
DEB [20160308-01:45:03.367] thr=2   paramiko.transport.sftp: [chan 1] close(00000000)
DEB [20160308-01:45:03.367] thr=2   paramiko.transport.sftp: [chan 1] stat('/opt/ctr/ctr/ctrapp/ctr/ctrarchive/outfiles/riskwatch/ANVILLON_CSM_Zero_Coupon_Bond_D_20160224_10_Stress_Testing.csv')
DEB [20160308-01:45:03.367] thr=2   paramiko.transport.sftp: [chan 1] open('/opt/ctr/ctr/ctrapp/ctr/ctrarchive/outfiles/riskwatch/ANVILLON_CSM_Zero_Coupon_Bond_D_20160224_10_Stress_Testing.csv', 'rb')
DEB [20160308-01:45:03.367] thr=2   paramiko.transport.sftp: [chan 1] open('/opt/ctr/ctr/ctrapp/ctr/ctrarchive/outfiles/riskwatch/ANVILLON_CSM_Zero_Coupon_Bond_D_20160224_10_Stress_Testing.csv', 'rb') -> 00000000
DEB [20160308-01:45:03.367] thr=2   paramiko.transport.sftp: [chan 1] stat('/opt/ctr/ctr/ctrapp/ctr/ctrarchive/outfiles/riskwatch/ANVILLON_CSM_Zero_Coupon_Bond_D_20160224_10_Stress_Testing.csv')
DEB [20160308-01:45:03.398] thr=2   paramiko.transport.sftp: [chan 1] close(00000000)
DEB [20160308-01:45:03.398] thr=2   paramiko.transport.sftp: [chan 1] stat('/opt/ctr/ctr/ctrapp/ctr/ctrarchive/outfiles/riskwatch/ANVILLON_CSM_Zero_Coupon_Bond_D_20160224_10_Stress_Testing.csv.mrk')
DEB [20160308-01:45:03.398] thr=2   paramiko.transport.sftp: [chan 1] open('/opt/ctr/ctr/ctrapp/ctr/ctrarchive/outfiles/riskwatch/ANVILLON_CSM_Zero_Coupon_Bond_D_20160224_10_Stress_Testing.csv.mrk', 'rb')
DEB [20160308-01:45:03.398] thr=2   paramiko.transport.sftp: [chan 1] open('/opt/ctr/ctr/ctrapp/ctr/ctrarchive/outfiles/riskwatch/ANVILLON_CSM_Zero_Coupon_Bond_D_20160224_10_Stress_Testing.csv.mrk', 'rb') -> 00000000
DEB [20160308-01:45:03.398] thr=2   paramiko.transport.sftp: [chan 1] stat('/opt/ctr/ctr/ctrapp/ctr/ctrarchive/outfiles/riskwatch/ANVILLON_CSM_Zero_Coupon_Bond_D_20160224_10_Stress_Testing.csv.mrk')
DEB [20160308-01:45:03.428] thr=2   paramiko.transport.sftp: [chan 1] close(00000000)
DEB [20160308-01:45:03.428] thr=2   paramiko.transport.sftp: [chan 1] stat('/opt/ctr/ctr/ctrapp/ctr/ctrarchive/outfiles/riskwatch/ANVILLON_Foreign_Exchange_D_20160224_10_Stress_Testing.csv')
DEB [20160308-01:45:03.428] thr=2   paramiko.transport.sftp: [chan 1] open('/opt/ctr/ctr/ctrapp/ctr/ctrarchive/outfiles/riskwatch/ANVILLON_Foreign_Exchange_D_20160224_10_Stress_Testing.csv', 'rb')
DEB [20160308-01:45:03.428] thr=2   paramiko.transport.sftp: [chan 1] open('/opt/ctr/ctr/ctrapp/ctr/ctrarchive/outfiles/riskwatch/ANVILLON_Foreign_Exchange_D_20160224_10_Stress_Testing.csv', 'rb') -> 00000000
DEB [20160308-01:45:03.428] thr=2   paramiko.transport.sftp: [chan 1] stat('/opt/ctr/ctr/ctrapp/ctr/ctrarchive/outfiles/riskwatch/ANVILLON_Foreign_Exchange_D_20160224_10_Stress_Testing.csv')
DEB [20160308-01:45:03.444] thr=2   paramiko.transport.sftp: [chan 1] close(00000000)
DEB [20160308-01:45:03.444] thr=2   paramiko.transport.sftp: [chan 1] stat('/opt/ctr/ctr/ctrapp/ctr/ctrarchive/outfiles/riskwatch/ANVILLON_Foreign_Exchange_D_20160224_10_Stress_Testing.csv.mrk')
DEB [20160308-01:45:03.444] thr=2   paramiko.transport.sftp: [chan 1] open('/opt/ctr/ctr/ctrapp/ctr/ctrarchive/outfiles/riskwatch/ANVILLON_Foreign_Exchange_D_20160224_10_Stress_Testing.csv.mrk', 'rb')
DEB [20160308-01:45:03.444] thr=2   paramiko.transport.sftp: [chan 1] open('/opt/ctr/ctr/ctrapp/ctr/ctrarchive/outfiles/riskwatch/ANVILLON_Foreign_Exchange_D_20160224_10_Stress_Testing.csv.mrk', 'rb') -> 00000000
DEB [20160308-01:45:03.444] thr=2   paramiko.transport.sftp: [chan 1] stat('/opt/ctr/ctr/ctrapp/ctr/ctrarchive/outfiles/riskwatch/ANVILLON_Foreign_Exchange_D_20160224_10_Stress_Testing.csv.mrk')
DEB [20160308-01:45:03.460] thr=2   paramiko.transport.sftp: [chan 1] close(00000000)
DEB [20160308-01:45:03.460] thr=2   paramiko.transport.sftp: [chan 1] stat('/opt/ctr/ctr/ctrapp/ctr/ctrarchive/outfiles/riskwatch/ANVILLON_Position_OTC_D_20160224_10_Stress_Testing.csv')
DEB [20160308-01:45:03.476] thr=2   paramiko.transport.sftp: [chan 1] open('/opt/ctr/ctr/ctrapp/ctr/ctrarchive/outfiles/riskwatch/ANVILLON_Position_OTC_D_20160224_10_Stress_Testing.csv', 'rb')
DEB [20160308-01:45:03.476] thr=2   paramiko.transport.sftp: [chan 1] open('/opt/ctr/ctr/ctrapp/ctr/ctrarchive/outfiles/riskwatch/ANVILLON_Position_OTC_D_20160224_10_Stress_Testing.csv', 'rb') -> 00000000
DEB [20160308-01:45:03.476] thr=2   paramiko.transport.sftp: [chan 1] stat('/opt/ctr/ctr/ctrapp/ctr/ctrarchive/outfiles/riskwatch/ANVILLON_Position_OTC_D_20160224_10_Stress_Testing.csv')
DEB [20160308-01:45:03.523] thr=2   paramiko.transport.sftp: [chan 1] close(00000000)
DEB [20160308-01:45:03.523] thr=2   paramiko.transport.sftp: [chan 1] stat('/opt/ctr/ctr/ctrapp/ctr/ctrarchive/outfiles/riskwatch/ANVILLON_Position_OTC_D_20160224_10_Stress_Testing.csv.mrk')
DEB [20160308-01:45:03.523] thr=2   paramiko.transport.sftp: [chan 1] open('/opt/ctr/ctr/ctrapp/ctr/ctrarchive/outfiles/riskwatch/ANVILLON_Position_OTC_D_20160224_10_Stress_Testing.csv.mrk', 'rb')
DEB [20160308-01:45:03.523] thr=2   paramiko.transport.sftp: [chan 1] open('/opt/ctr/ctr/ctrapp/ctr/ctrarchive/outfiles/riskwatch/ANVILLON_Position_OTC_D_20160224_10_Stress_Testing.csv.mrk', 'rb') -> 00000000
DEB [20160308-01:45:03.523] thr=2   paramiko.transport.sftp: [chan 1] stat('/opt/ctr/ctr/ctrapp/ctr/ctrarchive/outfiles/riskwatch/ANVILLON_Position_OTC_D_20160224_10_Stress_Testing.csv.mrk')
DEB [20160308-01:45:03.539] thr=2   paramiko.transport.sftp: [chan 1] close(00000000)
DEB [20160308-01:45:03.539] thr=2   paramiko.transport.sftp: [chan 1] stat('/opt/ctr/ctr/ctrapp/ctr/ctrarchive/outfiles/riskwatch/ANVILLON_CSM_Inflation_Linked_Bond_D_20160224_10_Stress_Testing.csv')
DEB [20160308-01:45:03.539] thr=2   paramiko.transport.sftp: [chan 1] open('/opt/ctr/ctr/ctrapp/ctr/ctrarchive/outfiles/riskwatch/ANVILLON_CSM_Inflation_Linked_Bond_D_20160224_10_Stress_Testing.csv', 'rb')
DEB [20160308-01:45:03.539] thr=2   paramiko.transport.sftp: [chan 1] open('/opt/ctr/ctr/ctrapp/ctr/ctrarchive/outfiles/riskwatch/ANVILLON_CSM_Inflation_Linked_Bond_D_20160224_10_Stress_Testing.csv', 'rb') -> 00000000
DEB [20160308-01:45:03.539] thr=2   paramiko.transport.sftp: [chan 1] stat('/opt/ctr/ctr/ctrapp/ctr/ctrarchive/outfiles/riskwatch/ANVILLON_CSM_Inflation_Linked_Bond_D_20160224_10_Stress_Testing.csv')
DEB [20160308-01:45:03.553] thr=2   paramiko.transport.sftp: [chan 1] close(00000000)
DEB [20160308-01:45:03.553] thr=2   paramiko.transport.sftp: [chan 1] stat('/opt/ctr/ctr/ctrapp/ctr/ctrarchive/outfiles/riskwatch/ANVILLON_CSM_Inflation_Linked_Bond_D_20160224_10_Stress_Testing.csv.mrk')
DEB [20160308-01:45:03.569] thr=2   paramiko.transport.sftp: [chan 1] open('/opt/ctr/ctr/ctrapp/ctr/ctrarchive/outfiles/riskwatch/ANVILLON_CSM_Inflation_Linked_Bond_D_20160224_10_Stress_Testing.csv.mrk', 'rb')
DEB [20160308-01:45:03.569] thr=2   paramiko.transport.sftp: [chan 1] open('/opt/ctr/ctr/ctrapp/ctr/ctrarchive/outfiles/riskwatch/ANVILLON_CSM_Inflation_Linked_Bond_D_20160224_10_Stress_Testing.csv.mrk', 'rb') -> 00000000
DEB [20160308-01:45:03.569] thr=2   paramiko.transport.sftp: [chan 1] stat('/opt/ctr/ctr/ctrapp/ctr/ctrarchive/outfiles/riskwatch/ANVILLON_CSM_Inflation_Linked_Bond_D_20160224_10_Stress_Testing.csv.mrk')
DEB [20160308-01:45:03.569] thr=2   paramiko.transport.sftp: [chan 1] close(00000000)
DEB [20160308-01:45:03.569] thr=2   paramiko.transport.sftp: [chan 1] stat('/opt/ctr/ctr/ctrapp/ctr/ctrarchive/outfiles/riskwatch/ANVILLON_CSM_Floating_Rate_Note_D_20160224_10_Stress_Testing.csv')
DEB [20160308-01:45:03.569] thr=2   paramiko.transport.sftp: [chan 1] open('/opt/ctr/ctr/ctrapp/ctr/ctrarchive/outfiles/riskwatch/ANVILLON_CSM_Floating_Rate_Note_D_20160224_10_Stress_Testing.csv', 'rb')
DEB [20160308-01:45:03.585] thr=2   paramiko.transport.sftp: [chan 1] open('/opt/ctr/ctr/ctrapp/ctr/ctrarchive/outfiles/riskwatch/ANVILLON_CSM_Floating_Rate_Note_D_20160224_10_Stress_Testing.csv', 'rb') -> 00000000
DEB [20160308-01:45:03.585] thr=2   paramiko.transport.sftp: [chan 1] stat('/opt/ctr/ctr/ctrapp/ctr/ctrarchive/outfiles/riskwatch/ANVILLON_CSM_Floating_Rate_Note_D_20160224_10_Stress_Testing.csv')
DEB [20160308-01:45:03.585] thr=2   paramiko.transport.sftp: [chan 1] close(00000000)
DEB [20160308-01:45:03.601] thr=2   paramiko.transport.sftp: [chan 1] stat('/opt/ctr/ctr/ctrapp/ctr/ctrarchive/outfiles/riskwatch/ANVILLON_CSM_Floating_Rate_Note_D_20160224_10_Stress_Testing.csv.mrk')
DEB [20160308-01:45:03.601] thr=2   paramiko.transport.sftp: [chan 1] open('/opt/ctr/ctr/ctrapp/ctr/ctrarchive/outfiles/riskwatch/ANVILLON_CSM_Floating_Rate_Note_D_20160224_10_Stress_Testing.csv.mrk', 'rb')
DEB [20160308-01:45:03.601] thr=2   paramiko.transport.sftp: [chan 1] open('/opt/ctr/ctr/ctrapp/ctr/ctrarchive/outfiles/riskwatch/ANVILLON_CSM_Floating_Rate_Note_D_20160224_10_Stress_Testing.csv.mrk', 'rb') -> 00000000
DEB [20160308-01:45:03.601] thr=2   paramiko.transport.sftp: [chan 1] stat('/opt/ctr/ctr/ctrapp/ctr/ctrarchive/outfiles/riskwatch/ANVILLON_CSM_Floating_Rate_Note_D_20160224_10_Stress_Testing.csv.mrk')
DEB [20160308-01:45:03.617] thr=2   paramiko.transport.sftp: [chan 1] close(00000000)
DEB [20160308-01:45:03.617] thr=2   paramiko.transport.sftp: [chan 1] stat('/opt/ctr/ctr/ctrapp/ctr/ctrarchive/outfiles/riskwatch/ANVILLON_CSM_Fixed_Rate_Bond_D_20160224_10_Stress_Testing.csv')
DEB [20160308-01:45:03.617] thr=2   paramiko.transport.sftp: [chan 1] open('/opt/ctr/ctr/ctrapp/ctr/ctrarchive/outfiles/riskwatch/ANVILLON_CSM_Fixed_Rate_Bond_D_20160224_10_Stress_Testing.csv', 'rb')
DEB [20160308-01:45:03.617] thr=2   paramiko.transport.sftp: [chan 1] open('/opt/ctr/ctr/ctrapp/ctr/ctrarchive/outfiles/riskwatch/ANVILLON_CSM_Fixed_Rate_Bond_D_20160224_10_Stress_Testing.csv', 'rb') -> 00000000
DEB [20160308-01:45:03.617] thr=2   paramiko.transport.sftp: [chan 1] stat('/opt/ctr/ctr/ctrapp/ctr/ctrarchive/outfiles/riskwatch/ANVILLON_CSM_Fixed_Rate_Bond_D_20160224_10_Stress_Testing.csv')
DEB [20160308-01:45:03.663] thr=2   paramiko.transport.sftp: [chan 1] close(00000000)
DEB [20160308-01:45:03.663] thr=2   paramiko.transport.sftp: [chan 1] stat('/opt/ctr/ctr/ctrapp/ctr/ctrarchive/outfiles/riskwatch/ANVILLON_CSM_Fixed_Rate_Bond_D_20160224_10_Stress_Testing.csv.mrk')
DEB [20160308-01:45:03.663] thr=2   paramiko.transport.sftp: [chan 1] open('/opt/ctr/ctr/ctrapp/ctr/ctrarchive/outfiles/riskwatch/ANVILLON_CSM_Fixed_Rate_Bond_D_20160224_10_Stress_Testing.csv.mrk', 'rb')
DEB [20160308-01:45:03.663] thr=2   paramiko.transport.sftp: [chan 1] open('/opt/ctr/ctr/ctrapp/ctr/ctrarchive/outfiles/riskwatch/ANVILLON_CSM_Fixed_Rate_Bond_D_20160224_10_Stress_Testing.csv.mrk', 'rb') -> 00000000
DEB [20160308-01:45:03.663] thr=2   paramiko.transport.sftp: [chan 1] stat('/opt/ctr/ctr/ctrapp/ctr/ctrarchive/outfiles/riskwatch/ANVILLON_CSM_Fixed_Rate_Bond_D_20160224_10_Stress_Testing.csv.mrk')
DEB [20160308-01:45:03.678] thr=2   paramiko.transport.sftp: [chan 1] close(00000000)
DEB [20160308-01:45:03.678] thr=2   paramiko.transport.sftp: [chan 1] stat('/opt/ctr/ctr/ctrapp/ctr/ctrarchive/outfiles/riskwatch/ANVILLON_Repo_Reverse_Repo_D_20160224_10_Stress_Testing.csv')
DEB [20160308-01:45:03.678] thr=2   paramiko.transport.sftp: [chan 1] open('/opt/ctr/ctr/ctrapp/ctr/ctrarchive/outfiles/riskwatch/ANVILLON_Repo_Reverse_Repo_D_20160224_10_Stress_Testing.csv', 'rb')
DEB [20160308-01:45:03.678] thr=2   paramiko.transport.sftp: [chan 1] open('/opt/ctr/ctr/ctrapp/ctr/ctrarchive/outfiles/riskwatch/ANVILLON_Repo_Reverse_Repo_D_20160224_10_Stress_Testing.csv', 'rb') -> 00000000
DEB [20160308-01:45:03.678] thr=2   paramiko.transport.sftp: [chan 1] stat('/opt/ctr/ctr/ctrapp/ctr/ctrarchive/outfiles/riskwatch/ANVILLON_Repo_Reverse_Repo_D_20160224_10_Stress_Testing.csv')
DEB [20160308-01:45:03.740] thr=2   paramiko.transport.sftp: [chan 1] close(00000000)
DEB [20160308-01:45:03.740] thr=2   paramiko.transport.sftp: [chan 1] stat('/opt/ctr/ctr/ctrapp/ctr/ctrarchive/outfiles/riskwatch/ANVILLON_Repo_Reverse_Repo_D_20160224_10_Stress_Testing.csv.mrk')
DEB [20160308-01:45:03.756] thr=2   paramiko.transport.sftp: [chan 1] open('/opt/ctr/ctr/ctrapp/ctr/ctrarchive/outfiles/riskwatch/ANVILLON_Repo_Reverse_Repo_D_20160224_10_Stress_Testing.csv.mrk', 'rb')
DEB [20160308-01:45:03.756] thr=2   paramiko.transport.sftp: [chan 1] open('/opt/ctr/ctr/ctrapp/ctr/ctrarchive/outfiles/riskwatch/ANVILLON_Repo_Reverse_Repo_D_20160224_10_Stress_Testing.csv.mrk', 'rb') -> 00000000
DEB [20160308-01:45:03.756] thr=2   paramiko.transport.sftp: [chan 1] stat('/opt/ctr/ctr/ctrapp/ctr/ctrarchive/outfiles/riskwatch/ANVILLON_Repo_Reverse_Repo_D_20160224_10_Stress_Testing.csv.mrk')
DEB [20160308-01:45:03.756] thr=2   paramiko.transport.sftp: [chan 1] close(00000000)
DEB [20160308-01:45:03.756] thr=2   paramiko.transport.sftp: [chan 1] stat('/opt/ctr/ctr/ctrapp/ctr/ctrarchive/outfiles/riskwatch/ANVILLON_Cash_Instrument_D_20160224_10_Stress_Testing.csv')
DEB [20160308-01:45:03.773] thr=2   paramiko.transport.sftp: [chan 1] open('/opt/ctr/ctr/ctrapp/ctr/ctrarchive/outfiles/riskwatch/ANVILLON_Cash_Instrument_D_20160224_10_Stress_Testing.csv', 'rb')
DEB [20160308-01:45:03.773] thr=2   paramiko.transport.sftp: [chan 1] open('/opt/ctr/ctr/ctrapp/ctr/ctrarchive/outfiles/riskwatch/ANVILLON_Cash_Instrument_D_20160224_10_Stress_Testing.csv', 'rb') -> 00000000
DEB [20160308-01:45:03.773] thr=2   paramiko.transport.sftp: [chan 1] stat('/opt/ctr/ctr/ctrapp/ctr/ctrarchive/outfiles/riskwatch/ANVILLON_Cash_Instrument_D_20160224_10_Stress_Testing.csv')
DEB [20160308-01:45:03.773] thr=2   paramiko.transport.sftp: [chan 1] close(00000000)
DEB [20160308-01:45:03.773] thr=2   paramiko.transport.sftp: [chan 1] stat('/opt/ctr/ctr/ctrapp/ctr/ctrarchive/outfiles/riskwatch/ANVILLON_Cash_Instrument_D_20160224_10_Stress_Testing.csv.mrk')
DEB [20160308-01:45:03.788] thr=2   paramiko.transport.sftp: [chan 1] open('/opt/ctr/ctr/ctrapp/ctr/ctrarchive/outfiles/riskwatch/ANVILLON_Cash_Instrument_D_20160224_10_Stress_Testing.csv.mrk', 'rb')
DEB [20160308-01:45:03.788] thr=2   paramiko.transport.sftp: [chan 1] open('/opt/ctr/ctr/ctrapp/ctr/ctrarchive/outfiles/riskwatch/ANVILLON_Cash_Instrument_D_20160224_10_Stress_Testing.csv.mrk', 'rb') -> 00000000
DEB [20160308-01:45:03.788] thr=2   paramiko.transport.sftp: [chan 1] stat('/opt/ctr/ctr/ctrapp/ctr/ctrarchive/outfiles/riskwatch/ANVILLON_Cash_Instrument_D_20160224_10_Stress_Testing.csv.mrk')
DEB [20160308-01:45:03.788] thr=2   paramiko.transport.sftp: [chan 1] close(00000000)
DEB [20160308-01:45:03.788] thr=2   paramiko.transport.sftp: [chan 1] stat('/opt/ctr/ctr/ctrapp/ctr/ctrarchive/outfiles/riskwatch/ANVILLON_Portfolio_D_20160224_10_Stress_Testing.csv')
DEB [20160308-01:45:03.803] thr=2   paramiko.transport.sftp: [chan 1] open('/opt/ctr/ctr/ctrapp/ctr/ctrarchive/outfiles/riskwatch/ANVILLON_Portfolio_D_20160224_10_Stress_Testing.csv', 'rb')
DEB [20160308-01:45:03.803] thr=2   paramiko.transport.sftp: [chan 1] open('/opt/ctr/ctr/ctrapp/ctr/ctrarchive/outfiles/riskwatch/ANVILLON_Portfolio_D_20160224_10_Stress_Testing.csv', 'rb') -> 00000000
DEB [20160308-01:45:03.803] thr=2   paramiko.transport.sftp: [chan 1] stat('/opt/ctr/ctr/ctrapp/ctr/ctrarchive/outfiles/riskwatch/ANVILLON_Portfolio_D_20160224_10_Stress_Testing.csv')
DEB [20160308-01:45:03.803] thr=2   paramiko.transport.sftp: [chan 1] close(00000000)
DEB [20160308-01:45:03.819] thr=2   paramiko.transport.sftp: [chan 1] stat('/opt/ctr/ctr/ctrapp/ctr/ctrarchive/outfiles/riskwatch/ANVILLON_Portfolio_D_20160224_10_Stress_Testing.csv.mrk')
DEB [20160308-01:45:03.819] thr=2   paramiko.transport.sftp: [chan 1] open('/opt/ctr/ctr/ctrapp/ctr/ctrarchive/outfiles/riskwatch/ANVILLON_Portfolio_D_20160224_10_Stress_Testing.csv.mrk', 'rb')
DEB [20160308-01:45:03.819] thr=2   paramiko.transport.sftp: [chan 1] open('/opt/ctr/ctr/ctrapp/ctr/ctrarchive/outfiles/riskwatch/ANVILLON_Portfolio_D_20160224_10_Stress_Testing.csv.mrk', 'rb') -> 00000000
DEB [20160308-01:45:03.819] thr=2   paramiko.transport.sftp: [chan 1] stat('/opt/ctr/ctr/ctrapp/ctr/ctrarchive/outfiles/riskwatch/ANVILLON_Portfolio_D_20160224_10_Stress_Testing.csv.mrk')
DEB [20160308-01:45:03.819] thr=2   paramiko.transport.sftp: [chan 1] close(00000000)
DEB [20160308-01:45:03.819] thr=2   paramiko.transport.sftp: [chan 1] stat('/opt/ctr/ctr/ctrapp/ctr/ctrarchive/outfiles/riskwatch/ANVILTOR_CSM_Floating_Rate_Note_D_20160224_15_Stress_Testing.csv')
DEB [20160308-01:45:03.835] thr=2   paramiko.transport.sftp: [chan 1] open('/opt/ctr/ctr/ctrapp/ctr/ctrarchive/outfiles/riskwatch/ANVILTOR_CSM_Floating_Rate_Note_D_20160224_15_Stress_Testing.csv', 'rb')
DEB [20160308-01:45:03.835] thr=2   paramiko.transport.sftp: [chan 1] open('/opt/ctr/ctr/ctrapp/ctr/ctrarchive/outfiles/riskwatch/ANVILTOR_CSM_Floating_Rate_Note_D_20160224_15_Stress_Testing.csv', 'rb') -> 00000000
DEB [20160308-01:45:03.835] thr=2   paramiko.transport.sftp: [chan 1] stat('/opt/ctr/ctr/ctrapp/ctr/ctrarchive/outfiles/riskwatch/ANVILTOR_CSM_Floating_Rate_Note_D_20160224_15_Stress_Testing.csv')
DEB [20160308-01:45:03.851] thr=2   paramiko.transport.sftp: [chan 1] close(00000000)
DEB [20160308-01:45:03.851] thr=2   paramiko.transport.sftp: [chan 1] stat('/opt/ctr/ctr/ctrapp/ctr/ctrarchive/outfiles/riskwatch/ANVILTOR_CSM_Floating_Rate_Note_D_20160224_15_Stress_Testing.csv.mrk')
DEB [20160308-01:45:03.865] thr=2   paramiko.transport.sftp: [chan 1] open('/opt/ctr/ctr/ctrapp/ctr/ctrarchive/outfiles/riskwatch/ANVILTOR_CSM_Floating_Rate_Note_D_20160224_15_Stress_Testing.csv.mrk', 'rb')
DEB [20160308-01:45:03.865] thr=2   paramiko.transport.sftp: [chan 1] open('/opt/ctr/ctr/ctrapp/ctr/ctrarchive/outfiles/riskwatch/ANVILTOR_CSM_Floating_Rate_Note_D_20160224_15_Stress_Testing.csv.mrk', 'rb') -> 00000000
DEB [20160308-01:45:03.865] thr=2   paramiko.transport.sftp: [chan 1] stat('/opt/ctr/ctr/ctrapp/ctr/ctrarchive/outfiles/riskwatch/ANVILTOR_CSM_Floating_Rate_Note_D_20160224_15_Stress_Testing.csv.mrk')
DEB [20160308-01:45:03.897] thr=2   paramiko.transport.sftp: [chan 1] close(00000000)
DEB [20160308-01:45:03.913] thr=2   paramiko.transport.sftp: [chan 1] stat('/opt/ctr/ctr/ctrapp/ctr/ctrarchive/outfiles/riskwatch/ANVILTOR_Cash_Instrument_D_20160224_15_Stress_Testing.csv')
DEB [20160308-01:45:03.913] thr=2   paramiko.transport.sftp: [chan 1] open('/opt/ctr/ctr/ctrapp/ctr/ctrarchive/outfiles/riskwatch/ANVILTOR_Cash_Instrument_D_20160224_15_Stress_Testing.csv', 'rb')
DEB [20160308-01:45:03.913] thr=2   paramiko.transport.sftp: [chan 1] open('/opt/ctr/ctr/ctrapp/ctr/ctrarchive/outfiles/riskwatch/ANVILTOR_Cash_Instrument_D_20160224_15_Stress_Testing.csv', 'rb') -> 00000000
DEB [20160308-01:45:03.913] thr=2   paramiko.transport.sftp: [chan 1] stat('/opt/ctr/ctr/ctrapp/ctr/ctrarchive/outfiles/riskwatch/ANVILTOR_Cash_Instrument_D_20160224_15_Stress_Testing.csv')
DEB [20160308-01:45:03.928] thr=2   paramiko.transport.sftp: [chan 1] close(00000000)
DEB [20160308-01:45:03.944] thr=2   paramiko.transport.sftp: [chan 1] stat('/opt/ctr/ctr/ctrapp/ctr/ctrarchive/outfiles/riskwatch/ANVILTOR_Cash_Instrument_D_20160224_15_Stress_Testing.csv.mrk')
DEB [20160308-01:45:03.944] thr=2   paramiko.transport.sftp: [chan 1] open('/opt/ctr/ctr/ctrapp/ctr/ctrarchive/outfiles/riskwatch/ANVILTOR_Cash_Instrument_D_20160224_15_Stress_Testing.csv.mrk', 'rb')
DEB [20160308-01:45:03.944] thr=2   paramiko.transport.sftp: [chan 1] open('/opt/ctr/ctr/ctrapp/ctr/ctrarchive/outfiles/riskwatch/ANVILTOR_Cash_Instrument_D_20160224_15_Stress_Testing.csv.mrk', 'rb') -> 00000000
DEB [20160308-01:45:03.944] thr=2   paramiko.transport.sftp: [chan 1] stat('/opt/ctr/ctr/ctrapp/ctr/ctrarchive/outfiles/riskwatch/ANVILTOR_Cash_Instrument_D_20160224_15_Stress_Testing.csv.mrk')
DEB [20160308-01:45:03.960] thr=2   paramiko.transport.sftp: [chan 1] close(00000000)
DEB [20160308-01:45:03.960] thr=2   paramiko.transport.sftp: [chan 1] stat('/opt/ctr/ctr/ctrapp/ctr/ctrarchive/outfiles/riskwatch/ANVILTOR_Position_OTC_D_20160224_15_Stress_Testing.csv')
DEB [20160308-01:45:03.960] thr=2   paramiko.transport.sftp: [chan 1] open('/opt/ctr/ctr/ctrapp/ctr/ctrarchive/outfiles/riskwatch/ANVILTOR_Position_OTC_D_20160224_15_Stress_Testing.csv', 'rb')
DEB [20160308-01:45:03.960] thr=2   paramiko.transport.sftp: [chan 1] open('/opt/ctr/ctr/ctrapp/ctr/ctrarchive/outfiles/riskwatch/ANVILTOR_Position_OTC_D_20160224_15_Stress_Testing.csv', 'rb') -> 00000000
DEB [20160308-01:45:03.960] thr=2   paramiko.transport.sftp: [chan 1] stat('/opt/ctr/ctr/ctrapp/ctr/ctrarchive/outfiles/riskwatch/ANVILTOR_Position_OTC_D_20160224_15_Stress_Testing.csv')
DEB [20160308-01:45:04.022] thr=2   paramiko.transport.sftp: [chan 1] close(00000000)
DEB [20160308-01:45:04.022] thr=2   paramiko.transport.sftp: [chan 1] stat('/opt/ctr/ctr/ctrapp/ctr/ctrarchive/outfiles/riskwatch/ANVILTOR_Position_OTC_D_20160224_15_Stress_Testing.csv.mrk')
DEB [20160308-01:45:04.022] thr=2   paramiko.transport.sftp: [chan 1] open('/opt/ctr/ctr/ctrapp/ctr/ctrarchive/outfiles/riskwatch/ANVILTOR_Position_OTC_D_20160224_15_Stress_Testing.csv.mrk', 'rb')
DEB [20160308-01:45:04.038] thr=2   paramiko.transport.sftp: [chan 1] open('/opt/ctr/ctr/ctrapp/ctr/ctrarchive/outfiles/riskwatch/ANVILTOR_Position_OTC_D_20160224_15_Stress_Testing.csv.mrk', 'rb') -> 00000000
DEB [20160308-01:45:04.038] thr=2   paramiko.transport.sftp: [chan 1] stat('/opt/ctr/ctr/ctrapp/ctr/ctrarchive/outfiles/riskwatch/ANVILTOR_Position_OTC_D_20160224_15_Stress_Testing.csv.mrk')
DEB [20160308-01:45:04.038] thr=2   paramiko.transport.sftp: [chan 1] close(00000000)
DEB [20160308-01:45:04.038] thr=2   paramiko.transport.sftp: [chan 1] stat('/opt/ctr/ctr/ctrapp/ctr/ctrarchive/outfiles/riskwatch/ANVILTOR_CSM_T-Bill_D_20160224_15_Stress_Testing.csv')
DEB [20160308-01:45:04.052] thr=2   paramiko.transport.sftp: [chan 1] open('/opt/ctr/ctr/ctrapp/ctr/ctrarchive/outfiles/riskwatch/ANVILTOR_CSM_T-Bill_D_20160224_15_Stress_Testing.csv', 'rb')
DEB [20160308-01:45:04.052] thr=2   paramiko.transport.sftp: [chan 1] open('/opt/ctr/ctr/ctrapp/ctr/ctrarchive/outfiles/riskwatch/ANVILTOR_CSM_T-Bill_D_20160224_15_Stress_Testing.csv', 'rb') -> 00000000
DEB [20160308-01:45:04.052] thr=2   paramiko.transport.sftp: [chan 1] stat('/opt/ctr/ctr/ctrapp/ctr/ctrarchive/outfiles/riskwatch/ANVILTOR_CSM_T-Bill_D_20160224_15_Stress_Testing.csv')
DEB [20160308-01:45:04.052] thr=2   paramiko.transport.sftp: [chan 1] close(00000000)
DEB [20160308-01:45:04.052] thr=2   paramiko.transport.sftp: [chan 1] stat('/opt/ctr/ctr/ctrapp/ctr/ctrarchive/outfiles/riskwatch/ANVILTOR_CSM_T-Bill_D_20160224_15_Stress_Testing.csv.mrk')
DEB [20160308-01:45:04.069] thr=2   paramiko.transport.sftp: [chan 1] open('/opt/ctr/ctr/ctrapp/ctr/ctrarchive/outfiles/riskwatch/ANVILTOR_CSM_T-Bill_D_20160224_15_Stress_Testing.csv.mrk', 'rb')
DEB [20160308-01:45:04.069] thr=2   paramiko.transport.sftp: [chan 1] open('/opt/ctr/ctr/ctrapp/ctr/ctrarchive/outfiles/riskwatch/ANVILTOR_CSM_T-Bill_D_20160224_15_Stress_Testing.csv.mrk', 'rb') -> 00000000
DEB [20160308-01:45:04.069] thr=2   paramiko.transport.sftp: [chan 1] stat('/opt/ctr/ctr/ctrapp/ctr/ctrarchive/outfiles/riskwatch/ANVILTOR_CSM_T-Bill_D_20160224_15_Stress_Testing.csv.mrk')
DEB [20160308-01:45:04.069] thr=2   paramiko.transport.sftp: [chan 1] close(00000000)
DEB [20160308-01:45:04.069] thr=2   paramiko.transport.sftp: [chan 1] stat('/opt/ctr/ctr/ctrapp/ctr/ctrarchive/outfiles/riskwatch/ANVILTOR_Portfolio_D_20160224_15_Stress_Testing.csv')
DEB [20160308-01:45:04.085] thr=2   paramiko.transport.sftp: [chan 1] open('/opt/ctr/ctr/ctrapp/ctr/ctrarchive/outfiles/riskwatch/ANVILTOR_Portfolio_D_20160224_15_Stress_Testing.csv', 'rb')
DEB [20160308-01:45:04.085] thr=2   paramiko.transport.sftp: [chan 1] open('/opt/ctr/ctr/ctrapp/ctr/ctrarchive/outfiles/riskwatch/ANVILTOR_Portfolio_D_20160224_15_Stress_Testing.csv', 'rb') -> 00000000
DEB [20160308-01:45:04.085] thr=2   paramiko.transport.sftp: [chan 1] stat('/opt/ctr/ctr/ctrapp/ctr/ctrarchive/outfiles/riskwatch/ANVILTOR_Portfolio_D_20160224_15_Stress_Testing.csv')
DEB [20160308-01:45:04.099] thr=2   paramiko.transport.sftp: [chan 1] close(00000000)
DEB [20160308-01:45:04.099] thr=2   paramiko.transport.sftp: [chan 1] stat('/opt/ctr/ctr/ctrapp/ctr/ctrarchive/outfiles/riskwatch/ANVILTOR_Portfolio_D_20160224_15_Stress_Testing.csv.mrk')
DEB [20160308-01:45:04.099] thr=2   paramiko.transport.sftp: [chan 1] open('/opt/ctr/ctr/ctrapp/ctr/ctrarchive/outfiles/riskwatch/ANVILTOR_Portfolio_D_20160224_15_Stress_Testing.csv.mrk', 'rb')
DEB [20160308-01:45:04.099] thr=2   paramiko.transport.sftp: [chan 1] open('/opt/ctr/ctr/ctrapp/ctr/ctrarchive/outfiles/riskwatch/ANVILTOR_Portfolio_D_20160224_15_Stress_Testing.csv.mrk', 'rb') -> 00000000
DEB [20160308-01:45:04.099] thr=2   paramiko.transport.sftp: [chan 1] stat('/opt/ctr/ctr/ctrapp/ctr/ctrarchive/outfiles/riskwatch/ANVILTOR_Portfolio_D_20160224_15_Stress_Testing.csv.mrk')
DEB [20160308-01:45:04.131] thr=2   paramiko.transport.sftp: [chan 1] close(00000000)
DEB [20160308-01:45:04.131] thr=2   paramiko.transport.sftp: [chan 1] stat('/opt/ctr/ctr/ctrapp/ctr/ctrarchive/outfiles/riskwatch/ANVILTOR_CSM_Zero_Coupon_Bond_D_20160224_15_Stress_Testing.csv')
DEB [20160308-01:45:04.131] thr=2   paramiko.transport.sftp: [chan 1] open('/opt/ctr/ctr/ctrapp/ctr/ctrarchive/outfiles/riskwatch/ANVILTOR_CSM_Zero_Coupon_Bond_D_20160224_15_Stress_Testing.csv', 'rb')
DEB [20160308-01:45:04.131] thr=2   paramiko.transport.sftp: [chan 1] open('/opt/ctr/ctr/ctrapp/ctr/ctrarchive/outfiles/riskwatch/ANVILTOR_CSM_Zero_Coupon_Bond_D_20160224_15_Stress_Testing.csv', 'rb') -> 00000000
DEB [20160308-01:45:04.131] thr=2   paramiko.transport.sftp: [chan 1] stat('/opt/ctr/ctr/ctrapp/ctr/ctrarchive/outfiles/riskwatch/ANVILTOR_CSM_Zero_Coupon_Bond_D_20160224_15_Stress_Testing.csv')
DEB [20160308-01:45:04.147] thr=2   paramiko.transport.sftp: [chan 1] close(00000000)
DEB [20160308-01:45:04.147] thr=2   paramiko.transport.sftp: [chan 1] stat('/opt/ctr/ctr/ctrapp/ctr/ctrarchive/outfiles/riskwatch/ANVILTOR_CSM_Zero_Coupon_Bond_D_20160224_15_Stress_Testing.csv.mrk')
DEB [20160308-01:45:04.147] thr=2   paramiko.transport.sftp: [chan 1] open('/opt/ctr/ctr/ctrapp/ctr/ctrarchive/outfiles/riskwatch/ANVILTOR_CSM_Zero_Coupon_Bond_D_20160224_15_Stress_Testing.csv.mrk', 'rb')
DEB [20160308-01:45:04.147] thr=2   paramiko.transport.sftp: [chan 1] open('/opt/ctr/ctr/ctrapp/ctr/ctrarchive/outfiles/riskwatch/ANVILTOR_CSM_Zero_Coupon_Bond_D_20160224_15_Stress_Testing.csv.mrk', 'rb') -> 00000000
DEB [20160308-01:45:04.147] thr=2   paramiko.transport.sftp: [chan 1] stat('/opt/ctr/ctr/ctrapp/ctr/ctrarchive/outfiles/riskwatch/ANVILTOR_CSM_Zero_Coupon_Bond_D_20160224_15_Stress_Testing.csv.mrk')
DEB [20160308-01:45:04.163] thr=2   paramiko.transport.sftp: [chan 1] close(00000000)
DEB [20160308-01:45:04.177] thr=2   paramiko.transport.sftp: [chan 1] stat('/opt/ctr/ctr/ctrapp/ctr/ctrarchive/outfiles/riskwatch/ANVILTOR_CSM_Inflation_Linked_Bond_D_20160224_15_Stress_Testing.csv')
DEB [20160308-01:45:04.177] thr=2   paramiko.transport.sftp: [chan 1] open('/opt/ctr/ctr/ctrapp/ctr/ctrarchive/outfiles/riskwatch/ANVILTOR_CSM_Inflation_Linked_Bond_D_20160224_15_Stress_Testing.csv', 'rb')
DEB [20160308-01:45:04.177] thr=2   paramiko.transport.sftp: [chan 1] open('/opt/ctr/ctr/ctrapp/ctr/ctrarchive/outfiles/riskwatch/ANVILTOR_CSM_Inflation_Linked_Bond_D_20160224_15_Stress_Testing.csv', 'rb') -> 00000000
DEB [20160308-01:45:04.177] thr=2   paramiko.transport.sftp: [chan 1] stat('/opt/ctr/ctr/ctrapp/ctr/ctrarchive/outfiles/riskwatch/ANVILTOR_CSM_Inflation_Linked_Bond_D_20160224_15_Stress_Testing.csv')
DEB [20160308-01:45:04.194] thr=2   paramiko.transport.sftp: [chan 1] close(00000000)
DEB [20160308-01:45:04.194] thr=2   paramiko.transport.sftp: [chan 1] stat('/opt/ctr/ctr/ctrapp/ctr/ctrarchive/outfiles/riskwatch/ANVILTOR_CSM_Inflation_Linked_Bond_D_20160224_15_Stress_Testing.csv.mrk')
DEB [20160308-01:45:04.194] thr=2   paramiko.transport.sftp: [chan 1] open('/opt/ctr/ctr/ctrapp/ctr/ctrarchive/outfiles/riskwatch/ANVILTOR_CSM_Inflation_Linked_Bond_D_20160224_15_Stress_Testing.csv.mrk', 'rb')
DEB [20160308-01:45:04.194] thr=2   paramiko.transport.sftp: [chan 1] open('/opt/ctr/ctr/ctrapp/ctr/ctrarchive/outfiles/riskwatch/ANVILTOR_CSM_Inflation_Linked_Bond_D_20160224_15_Stress_Testing.csv.mrk', 'rb') -> 00000000
DEB [20160308-01:45:04.194] thr=2   paramiko.transport.sftp: [chan 1] stat('/opt/ctr/ctr/ctrapp/ctr/ctrarchive/outfiles/riskwatch/ANVILTOR_CSM_Inflation_Linked_Bond_D_20160224_15_Stress_Testing.csv.mrk')
DEB [20160308-01:45:04.209] thr=2   paramiko.transport.sftp: [chan 1] close(00000000)
DEB [20160308-01:45:04.209] thr=2   paramiko.transport.sftp: [chan 1] stat('/opt/ctr/ctr/ctrapp/ctr/ctrarchive/outfiles/riskwatch/ANVILTOR_CSM_Mortgage_Backed_Security_D_20160224_15_Stress_Testing.csv')
DEB [20160308-01:45:04.209] thr=2   paramiko.transport.sftp: [chan 1] open('/opt/ctr/ctr/ctrapp/ctr/ctrarchive/outfiles/riskwatch/ANVILTOR_CSM_Mortgage_Backed_Security_D_20160224_15_Stress_Testing.csv', 'rb')
DEB [20160308-01:45:04.224] thr=2   paramiko.transport.sftp: [chan 1] open('/opt/ctr/ctr/ctrapp/ctr/ctrarchive/outfiles/riskwatch/ANVILTOR_CSM_Mortgage_Backed_Security_D_20160224_15_Stress_Testing.csv', 'rb') -> 00000000
DEB [20160308-01:45:04.224] thr=2   paramiko.transport.sftp: [chan 1] stat('/opt/ctr/ctr/ctrapp/ctr/ctrarchive/outfiles/riskwatch/ANVILTOR_CSM_Mortgage_Backed_Security_D_20160224_15_Stress_Testing.csv')
DEB [20160308-01:45:04.224] thr=2   paramiko.transport.sftp: [chan 1] close(00000000)
DEB [20160308-01:45:04.224] thr=2   paramiko.transport.sftp: [chan 1] stat('/opt/ctr/ctr/ctrapp/ctr/ctrarchive/outfiles/riskwatch/ANVILTOR_CSM_Mortgage_Backed_Security_D_20160224_15_Stress_Testing.csv.mrk')
DEB [20160308-01:45:04.224] thr=2   paramiko.transport.sftp: [chan 1] open('/opt/ctr/ctr/ctrapp/ctr/ctrarchive/outfiles/riskwatch/ANVILTOR_CSM_Mortgage_Backed_Security_D_20160224_15_Stress_Testing.csv.mrk', 'rb')
DEB [20160308-01:45:04.240] thr=2   paramiko.transport.sftp: [chan 1] open('/opt/ctr/ctr/ctrapp/ctr/ctrarchive/outfiles/riskwatch/ANVILTOR_CSM_Mortgage_Backed_Security_D_20160224_15_Stress_Testing.csv.mrk', 'rb') -> 00000000
DEB [20160308-01:45:04.240] thr=2   paramiko.transport.sftp: [chan 1] stat('/opt/ctr/ctr/ctrapp/ctr/ctrarchive/outfiles/riskwatch/ANVILTOR_CSM_Mortgage_Backed_Security_D_20160224_15_Stress_Testing.csv.mrk')
DEB [20160308-01:45:04.240] thr=2   paramiko.transport.sftp: [chan 1] close(00000000)
DEB [20160308-01:45:04.240] thr=2   paramiko.transport.sftp: [chan 1] stat('/opt/ctr/ctr/ctrapp/ctr/ctrarchive/outfiles/riskwatch/ANVILTOR_Repo_Reverse_Repo_D_20160224_15_Stress_Testing.csv')
DEB [20160308-01:45:04.240] thr=2   paramiko.transport.sftp: [chan 1] open('/opt/ctr/ctr/ctrapp/ctr/ctrarchive/outfiles/riskwatch/ANVILTOR_Repo_Reverse_Repo_D_20160224_15_Stress_Testing.csv', 'rb')
DEB [20160308-01:45:04.240] thr=2   paramiko.transport.sftp: [chan 1] open('/opt/ctr/ctr/ctrapp/ctr/ctrarchive/outfiles/riskwatch/ANVILTOR_Repo_Reverse_Repo_D_20160224_15_Stress_Testing.csv', 'rb') -> 00000000
DEB [20160308-01:45:04.256] thr=2   paramiko.transport.sftp: [chan 1] stat('/opt/ctr/ctr/ctrapp/ctr/ctrarchive/outfiles/riskwatch/ANVILTOR_Repo_Reverse_Repo_D_20160224_15_Stress_Testing.csv')
DEB [20160308-01:45:04.302] thr=2   paramiko.transport.sftp: [chan 1] close(00000000)
DEB [20160308-01:45:04.302] thr=2   paramiko.transport.sftp: [chan 1] stat('/opt/ctr/ctr/ctrapp/ctr/ctrarchive/outfiles/riskwatch/ANVILTOR_Repo_Reverse_Repo_D_20160224_15_Stress_Testing.csv.mrk')
DEB [20160308-01:45:04.302] thr=2   paramiko.transport.sftp: [chan 1] open('/opt/ctr/ctr/ctrapp/ctr/ctrarchive/outfiles/riskwatch/ANVILTOR_Repo_Reverse_Repo_D_20160224_15_Stress_Testing.csv.mrk', 'rb')
DEB [20160308-01:45:04.302] thr=2   paramiko.transport.sftp: [chan 1] open('/opt/ctr/ctr/ctrapp/ctr/ctrarchive/outfiles/riskwatch/ANVILTOR_Repo_Reverse_Repo_D_20160224_15_Stress_Testing.csv.mrk', 'rb') -> 00000000
DEB [20160308-01:45:04.302] thr=2   paramiko.transport.sftp: [chan 1] stat('/opt/ctr/ctr/ctrapp/ctr/ctrarchive/outfiles/riskwatch/ANVILTOR_Repo_Reverse_Repo_D_20160224_15_Stress_Testing.csv.mrk')
DEB [20160308-01:45:04.319] thr=2   paramiko.transport.sftp: [chan 1] close(00000000)
DEB [20160308-01:45:04.319] thr=2   paramiko.transport.sftp: [chan 1] stat('/opt/ctr/ctr/ctrapp/ctr/ctrarchive/outfiles/riskwatch/ANVILTOR_Foreign_Exchange_D_20160224_15_Stress_Testing.csv')
DEB [20160308-01:45:04.319] thr=2   paramiko.transport.sftp: [chan 1] open('/opt/ctr/ctr/ctrapp/ctr/ctrarchive/outfiles/riskwatch/ANVILTOR_Foreign_Exchange_D_20160224_15_Stress_Testing.csv', 'rb')
DEB [20160308-01:45:04.319] thr=2   paramiko.transport.sftp: [chan 1] open('/opt/ctr/ctr/ctrapp/ctr/ctrarchive/outfiles/riskwatch/ANVILTOR_Foreign_Exchange_D_20160224_15_Stress_Testing.csv', 'rb') -> 00000000
DEB [20160308-01:45:04.319] thr=2   paramiko.transport.sftp: [chan 1] stat('/opt/ctr/ctr/ctrapp/ctr/ctrarchive/outfiles/riskwatch/ANVILTOR_Foreign_Exchange_D_20160224_15_Stress_Testing.csv')
DEB [20160308-01:45:04.334] thr=2   paramiko.transport.sftp: [chan 1] close(00000000)
DEB [20160308-01:45:04.334] thr=2   paramiko.transport.sftp: [chan 1] stat('/opt/ctr/ctr/ctrapp/ctr/ctrarchive/outfiles/riskwatch/ANVILTOR_Foreign_Exchange_D_20160224_15_Stress_Testing.csv.mrk')
DEB [20160308-01:45:04.334] thr=2   paramiko.transport.sftp: [chan 1] open('/opt/ctr/ctr/ctrapp/ctr/ctrarchive/outfiles/riskwatch/ANVILTOR_Foreign_Exchange_D_20160224_15_Stress_Testing.csv.mrk', 'rb')
DEB [20160308-01:45:04.349] thr=2   paramiko.transport.sftp: [chan 1] open('/opt/ctr/ctr/ctrapp/ctr/ctrarchive/outfiles/riskwatch/ANVILTOR_Foreign_Exchange_D_20160224_15_Stress_Testing.csv.mrk', 'rb') -> 00000000
DEB [20160308-01:45:04.349] thr=2   paramiko.transport.sftp: [chan 1] stat('/opt/ctr/ctr/ctrapp/ctr/ctrarchive/outfiles/riskwatch/ANVILTOR_Foreign_Exchange_D_20160224_15_Stress_Testing.csv.mrk')
DEB [20160308-01:45:04.349] thr=2   paramiko.transport.sftp: [chan 1] close(00000000)
DEB [20160308-01:45:04.365] thr=2   paramiko.transport.sftp: [chan 1] stat('/opt/ctr/ctr/ctrapp/ctr/ctrarchive/outfiles/riskwatch/ANVILTOR_CSM_Fixed_Rate_Bond_D_20160224_15_Stress_Testing.csv')
DEB [20160308-01:45:04.365] thr=2   paramiko.transport.sftp: [chan 1] open('/opt/ctr/ctr/ctrapp/ctr/ctrarchive/outfiles/riskwatch/ANVILTOR_CSM_Fixed_Rate_Bond_D_20160224_15_Stress_Testing.csv', 'rb')
DEB [20160308-01:45:04.365] thr=2   paramiko.transport.sftp: [chan 1] open('/opt/ctr/ctr/ctrapp/ctr/ctrarchive/outfiles/riskwatch/ANVILTOR_CSM_Fixed_Rate_Bond_D_20160224_15_Stress_Testing.csv', 'rb') -> 00000000
DEB [20160308-01:45:04.365] thr=2   paramiko.transport.sftp: [chan 1] stat('/opt/ctr/ctr/ctrapp/ctr/ctrarchive/outfiles/riskwatch/ANVILTOR_CSM_Fixed_Rate_Bond_D_20160224_15_Stress_Testing.csv')
DEB [20160308-01:45:04.365] thr=2   paramiko.transport.sftp: [chan 1] close(00000000)
DEB [20160308-01:45:04.365] thr=2   paramiko.transport.sftp: [chan 1] stat('/opt/ctr/ctr/ctrapp/ctr/ctrarchive/outfiles/riskwatch/ANVILTOR_CSM_Fixed_Rate_Bond_D_20160224_15_Stress_Testing.csv.mrk')
DEB [20160308-01:45:04.365] thr=2   paramiko.transport.sftp: [chan 1] open('/opt/ctr/ctr/ctrapp/ctr/ctrarchive/outfiles/riskwatch/ANVILTOR_CSM_Fixed_Rate_Bond_D_20160224_15_Stress_Testing.csv.mrk', 'rb')
DEB [20160308-01:45:04.365] thr=2   paramiko.transport.sftp: [chan 1] open('/opt/ctr/ctr/ctrapp/ctr/ctrarchive/outfiles/riskwatch/ANVILTOR_CSM_Fixed_Rate_Bond_D_20160224_15_Stress_Testing.csv.mrk', 'rb') -> 00000000
DEB [20160308-01:45:04.365] thr=2   paramiko.transport.sftp: [chan 1] stat('/opt/ctr/ctr/ctrapp/ctr/ctrarchive/outfiles/riskwatch/ANVILTOR_CSM_Fixed_Rate_Bond_D_20160224_15_Stress_Testing.csv.mrk')
DEB [20160308-01:45:04.398] thr=2   paramiko.transport.sftp: [chan 1] close(00000000)
DEB [20160308-01:45:04.398] thr=2   paramiko.transport.sftp: [chan 1] stat('/opt/ctr/ctr/ctrapp/ctr/ctrarchive/outfiles/riskwatch/ANVILNY_CSM_Mortgage_Backed_Security_D_20160224_16_Stress_Testing.csv')
DEB [20160308-01:45:04.398] thr=2   paramiko.transport.sftp: [chan 1] open('/opt/ctr/ctr/ctrapp/ctr/ctrarchive/outfiles/riskwatch/ANVILNY_CSM_Mortgage_Backed_Security_D_20160224_16_Stress_Testing.csv', 'rb')
DEB [20160308-01:45:04.398] thr=2   paramiko.transport.sftp: [chan 1] open('/opt/ctr/ctr/ctrapp/ctr/ctrarchive/outfiles/riskwatch/ANVILNY_CSM_Mortgage_Backed_Security_D_20160224_16_Stress_Testing.csv', 'rb') -> 00000000
DEB [20160308-01:45:04.398] thr=2   paramiko.transport.sftp: [chan 1] stat('/opt/ctr/ctr/ctrapp/ctr/ctrarchive/outfiles/riskwatch/ANVILNY_CSM_Mortgage_Backed_Security_D_20160224_16_Stress_Testing.csv')
DEB [20160308-01:45:04.413] thr=2   paramiko.transport.sftp: [chan 1] close(00000000)
DEB [20160308-01:45:04.413] thr=2   paramiko.transport.sftp: [chan 1] stat('/opt/ctr/ctr/ctrapp/ctr/ctrarchive/outfiles/riskwatch/ANVILNY_CSM_Mortgage_Backed_Security_D_20160224_16_Stress_Testing.csv.mrk')
DEB [20160308-01:45:04.413] thr=2   paramiko.transport.sftp: [chan 1] open('/opt/ctr/ctr/ctrapp/ctr/ctrarchive/outfiles/riskwatch/ANVILNY_CSM_Mortgage_Backed_Security_D_20160224_16_Stress_Testing.csv.mrk', 'rb')
DEB [20160308-01:45:04.413] thr=2   paramiko.transport.sftp: [chan 1] open('/opt/ctr/ctr/ctrapp/ctr/ctrarchive/outfiles/riskwatch/ANVILNY_CSM_Mortgage_Backed_Security_D_20160224_16_Stress_Testing.csv.mrk', 'rb') -> 00000000
DEB [20160308-01:45:04.413] thr=2   paramiko.transport.sftp: [chan 1] stat('/opt/ctr/ctr/ctrapp/ctr/ctrarchive/outfiles/riskwatch/ANVILNY_CSM_Mortgage_Backed_Security_D_20160224_16_Stress_Testing.csv.mrk')
DEB [20160308-01:45:04.444] thr=2   paramiko.transport.sftp: [chan 1] close(00000000)
DEB [20160308-01:45:04.444] thr=2   paramiko.transport.sftp: [chan 1] stat('/opt/ctr/ctr/ctrapp/ctr/ctrarchive/outfiles/riskwatch/ANVILNY_Cash_Instrument_D_20160224_16_Stress_Testing.csv')
DEB [20160308-01:45:04.444] thr=2   paramiko.transport.sftp: [chan 1] open('/opt/ctr/ctr/ctrapp/ctr/ctrarchive/outfiles/riskwatch/ANVILNY_Cash_Instrument_D_20160224_16_Stress_Testing.csv', 'rb')
DEB [20160308-01:45:04.444] thr=2   paramiko.transport.sftp: [chan 1] open('/opt/ctr/ctr/ctrapp/ctr/ctrarchive/outfiles/riskwatch/ANVILNY_Cash_Instrument_D_20160224_16_Stress_Testing.csv', 'rb') -> 00000000
DEB [20160308-01:45:04.444] thr=2   paramiko.transport.sftp: [chan 1] stat('/opt/ctr/ctr/ctrapp/ctr/ctrarchive/outfiles/riskwatch/ANVILNY_Cash_Instrument_D_20160224_16_Stress_Testing.csv')
DEB [20160308-01:45:04.460] thr=2   paramiko.transport.sftp: [chan 1] close(00000000)
DEB [20160308-01:45:04.476] thr=2   paramiko.transport.sftp: [chan 1] stat('/opt/ctr/ctr/ctrapp/ctr/ctrarchive/outfiles/riskwatch/ANVILNY_Cash_Instrument_D_20160224_16_Stress_Testing.csv.mrk')
DEB [20160308-01:45:04.476] thr=2   paramiko.transport.sftp: [chan 1] open('/opt/ctr/ctr/ctrapp/ctr/ctrarchive/outfiles/riskwatch/ANVILNY_Cash_Instrument_D_20160224_16_Stress_Testing.csv.mrk', 'rb')
DEB [20160308-01:45:04.476] thr=2   paramiko.transport.sftp: [chan 1] open('/opt/ctr/ctr/ctrapp/ctr/ctrarchive/outfiles/riskwatch/ANVILNY_Cash_Instrument_D_20160224_16_Stress_Testing.csv.mrk', 'rb') -> 00000000
DEB [20160308-01:45:04.476] thr=2   paramiko.transport.sftp: [chan 1] stat('/opt/ctr/ctr/ctrapp/ctr/ctrarchive/outfiles/riskwatch/ANVILNY_Cash_Instrument_D_20160224_16_Stress_Testing.csv.mrk')
DEB [20160308-01:45:04.490] thr=2   paramiko.transport.sftp: [chan 1] close(00000000)
DEB [20160308-01:45:04.490] thr=2   paramiko.transport.sftp: [chan 1] stat('/opt/ctr/ctr/ctrapp/ctr/ctrarchive/outfiles/riskwatch/ANVILNY_Portfolio_D_20160224_16_Stress_Testing.csv')
DEB [20160308-01:45:04.490] thr=2   paramiko.transport.sftp: [chan 1] open('/opt/ctr/ctr/ctrapp/ctr/ctrarchive/outfiles/riskwatch/ANVILNY_Portfolio_D_20160224_16_Stress_Testing.csv', 'rb')
DEB [20160308-01:45:04.490] thr=2   paramiko.transport.sftp: [chan 1] open('/opt/ctr/ctr/ctrapp/ctr/ctrarchive/outfiles/riskwatch/ANVILNY_Portfolio_D_20160224_16_Stress_Testing.csv', 'rb') -> 00000000
DEB [20160308-01:45:04.490] thr=2   paramiko.transport.sftp: [chan 1] stat('/opt/ctr/ctr/ctrapp/ctr/ctrarchive/outfiles/riskwatch/ANVILNY_Portfolio_D_20160224_16_Stress_Testing.csv')
DEB [20160308-01:45:04.506] thr=2   paramiko.transport.sftp: [chan 1] close(00000000)
DEB [20160308-01:45:04.506] thr=2   paramiko.transport.sftp: [chan 1] stat('/opt/ctr/ctr/ctrapp/ctr/ctrarchive/outfiles/riskwatch/ANVILNY_Portfolio_D_20160224_16_Stress_Testing.csv.mrk')
DEB [20160308-01:45:04.506] thr=2   paramiko.transport.sftp: [chan 1] open('/opt/ctr/ctr/ctrapp/ctr/ctrarchive/outfiles/riskwatch/ANVILNY_Portfolio_D_20160224_16_Stress_Testing.csv.mrk', 'rb')
DEB [20160308-01:45:04.506] thr=2   paramiko.transport.sftp: [chan 1] open('/opt/ctr/ctr/ctrapp/ctr/ctrarchive/outfiles/riskwatch/ANVILNY_Portfolio_D_20160224_16_Stress_Testing.csv.mrk', 'rb') -> 00000000
DEB [20160308-01:45:04.506] thr=2   paramiko.transport.sftp: [chan 1] stat('/opt/ctr/ctr/ctrapp/ctr/ctrarchive/outfiles/riskwatch/ANVILNY_Portfolio_D_20160224_16_Stress_Testing.csv.mrk')
DEB [20160308-01:45:04.522] thr=2   paramiko.transport.sftp: [chan 1] close(00000000)
DEB [20160308-01:45:04.522] thr=2   paramiko.transport.sftp: [chan 1] stat('/opt/ctr/ctr/ctrapp/ctr/ctrarchive/outfiles/riskwatch/ANVILNY_CSM_Fixed_Rate_Bond_D_20160224_16_Stress_Testing.csv')
DEB [20160308-01:45:04.538] thr=2   paramiko.transport.sftp: [chan 1] open('/opt/ctr/ctr/ctrapp/ctr/ctrarchive/outfiles/riskwatch/ANVILNY_CSM_Fixed_Rate_Bond_D_20160224_16_Stress_Testing.csv', 'rb')
DEB [20160308-01:45:04.538] thr=2   paramiko.transport.sftp: [chan 1] open('/opt/ctr/ctr/ctrapp/ctr/ctrarchive/outfiles/riskwatch/ANVILNY_CSM_Fixed_Rate_Bond_D_20160224_16_Stress_Testing.csv', 'rb') -> 00000000
DEB [20160308-01:45:04.538] thr=2   paramiko.transport.sftp: [chan 1] stat('/opt/ctr/ctr/ctrapp/ctr/ctrarchive/outfiles/riskwatch/ANVILNY_CSM_Fixed_Rate_Bond_D_20160224_16_Stress_Testing.csv')
DEB [20160308-01:45:04.585] thr=2   paramiko.transport.sftp: [chan 1] close(00000000)
DEB [20160308-01:45:04.585] thr=2   paramiko.transport.sftp: [chan 1] stat('/opt/ctr/ctr/ctrapp/ctr/ctrarchive/outfiles/riskwatch/ANVILNY_CSM_Fixed_Rate_Bond_D_20160224_16_Stress_Testing.csv.mrk')
DEB [20160308-01:45:04.585] thr=2   paramiko.transport.sftp: [chan 1] open('/opt/ctr/ctr/ctrapp/ctr/ctrarchive/outfiles/riskwatch/ANVILNY_CSM_Fixed_Rate_Bond_D_20160224_16_Stress_Testing.csv.mrk', 'rb')
DEB [20160308-01:45:04.585] thr=2   paramiko.transport.sftp: [chan 1] open('/opt/ctr/ctr/ctrapp/ctr/ctrarchive/outfiles/riskwatch/ANVILNY_CSM_Fixed_Rate_Bond_D_20160224_16_Stress_Testing.csv.mrk', 'rb') -> 00000000
DEB [20160308-01:45:04.585] thr=2   paramiko.transport.sftp: [chan 1] stat('/opt/ctr/ctr/ctrapp/ctr/ctrarchive/outfiles/riskwatch/ANVILNY_CSM_Fixed_Rate_Bond_D_20160224_16_Stress_Testing.csv.mrk')
DEB [20160308-01:45:04.599] thr=2   paramiko.transport.sftp: [chan 1] close(00000000)
DEB [20160308-01:45:04.599] thr=2   paramiko.transport.sftp: [chan 1] stat('/opt/ctr/ctr/ctrapp/ctr/ctrarchive/outfiles/riskwatch/ANVILNY_CSM_T-Bill_D_20160224_16_Stress_Testing.csv')
DEB [20160308-01:45:04.599] thr=2   paramiko.transport.sftp: [chan 1] open('/opt/ctr/ctr/ctrapp/ctr/ctrarchive/outfiles/riskwatch/ANVILNY_CSM_T-Bill_D_20160224_16_Stress_Testing.csv', 'rb')
DEB [20160308-01:45:04.599] thr=2   paramiko.transport.sftp: [chan 1] open('/opt/ctr/ctr/ctrapp/ctr/ctrarchive/outfiles/riskwatch/ANVILNY_CSM_T-Bill_D_20160224_16_Stress_Testing.csv', 'rb') -> 00000000
DEB [20160308-01:45:04.599] thr=2   paramiko.transport.sftp: [chan 1] stat('/opt/ctr/ctr/ctrapp/ctr/ctrarchive/outfiles/riskwatch/ANVILNY_CSM_T-Bill_D_20160224_16_Stress_Testing.csv')
DEB [20160308-01:45:04.615] thr=2   paramiko.transport.sftp: [chan 1] close(00000000)
DEB [20160308-01:45:04.615] thr=2   paramiko.transport.sftp: [chan 1] stat('/opt/ctr/ctr/ctrapp/ctr/ctrarchive/outfiles/riskwatch/ANVILNY_CSM_T-Bill_D_20160224_16_Stress_Testing.csv.mrk')
DEB [20160308-01:45:04.615] thr=2   paramiko.transport.sftp: [chan 1] open('/opt/ctr/ctr/ctrapp/ctr/ctrarchive/outfiles/riskwatch/ANVILNY_CSM_T-Bill_D_20160224_16_Stress_Testing.csv.mrk', 'rb')
DEB [20160308-01:45:04.615] thr=2   paramiko.transport.sftp: [chan 1] open('/opt/ctr/ctr/ctrapp/ctr/ctrarchive/outfiles/riskwatch/ANVILNY_CSM_T-Bill_D_20160224_16_Stress_Testing.csv.mrk', 'rb') -> 00000000
DEB [20160308-01:45:04.615] thr=2   paramiko.transport.sftp: [chan 1] stat('/opt/ctr/ctr/ctrapp/ctr/ctrarchive/outfiles/riskwatch/ANVILNY_CSM_T-Bill_D_20160224_16_Stress_Testing.csv.mrk')
DEB [20160308-01:45:04.631] thr=2   paramiko.transport.sftp: [chan 1] close(00000000)
DEB [20160308-01:45:04.631] thr=2   paramiko.transport.sftp: [chan 1] stat('/opt/ctr/ctr/ctrapp/ctr/ctrarchive/outfiles/riskwatch/ANVILNY_Foreign_Exchange_D_20160224_16_Stress_Testing.csv')
DEB [20160308-01:45:04.631] thr=2   paramiko.transport.sftp: [chan 1] open('/opt/ctr/ctr/ctrapp/ctr/ctrarchive/outfiles/riskwatch/ANVILNY_Foreign_Exchange_D_20160224_16_Stress_Testing.csv', 'rb')
DEB [20160308-01:45:04.631] thr=2   paramiko.transport.sftp: [chan 1] open('/opt/ctr/ctr/ctrapp/ctr/ctrarchive/outfiles/riskwatch/ANVILNY_Foreign_Exchange_D_20160224_16_Stress_Testing.csv', 'rb') -> 00000000
DEB [20160308-01:45:04.631] thr=2   paramiko.transport.sftp: [chan 1] stat('/opt/ctr/ctr/ctrapp/ctr/ctrarchive/outfiles/riskwatch/ANVILNY_Foreign_Exchange_D_20160224_16_Stress_Testing.csv')
DEB [20160308-01:45:04.647] thr=2   paramiko.transport.sftp: [chan 1] close(00000000)
DEB [20160308-01:45:04.663] thr=2   paramiko.transport.sftp: [chan 1] stat('/opt/ctr/ctr/ctrapp/ctr/ctrarchive/outfiles/riskwatch/ANVILNY_Foreign_Exchange_D_20160224_16_Stress_Testing.csv.mrk')
DEB [20160308-01:45:04.663] thr=2   paramiko.transport.sftp: [chan 1] open('/opt/ctr/ctr/ctrapp/ctr/ctrarchive/outfiles/riskwatch/ANVILNY_Foreign_Exchange_D_20160224_16_Stress_Testing.csv.mrk', 'rb')
DEB [20160308-01:45:04.663] thr=2   paramiko.transport.sftp: [chan 1] open('/opt/ctr/ctr/ctrapp/ctr/ctrarchive/outfiles/riskwatch/ANVILNY_Foreign_Exchange_D_20160224_16_Stress_Testing.csv.mrk', 'rb') -> 00000000
DEB [20160308-01:45:04.663] thr=2   paramiko.transport.sftp: [chan 1] stat('/opt/ctr/ctr/ctrapp/ctr/ctrarchive/outfiles/riskwatch/ANVILNY_Foreign_Exchange_D_20160224_16_Stress_Testing.csv.mrk')
DEB [20160308-01:45:04.677] thr=2   paramiko.transport.sftp: [chan 1] close(00000000)
DEB [20160308-01:45:04.677] thr=2   paramiko.transport.sftp: [chan 1] stat('/opt/ctr/ctr/ctrapp/ctr/ctrarchive/outfiles/riskwatch/ANVILNY_CSM_Floating_Rate_Note_D_20160224_16_Stress_Testing.csv')
DEB [20160308-01:45:04.677] thr=2   paramiko.transport.sftp: [chan 1] open('/opt/ctr/ctr/ctrapp/ctr/ctrarchive/outfiles/riskwatch/ANVILNY_CSM_Floating_Rate_Note_D_20160224_16_Stress_Testing.csv', 'rb')
DEB [20160308-01:45:04.677] thr=2   paramiko.transport.sftp: [chan 1] open('/opt/ctr/ctr/ctrapp/ctr/ctrarchive/outfiles/riskwatch/ANVILNY_CSM_Floating_Rate_Note_D_20160224_16_Stress_Testing.csv', 'rb') -> 00000000
DEB [20160308-01:45:04.677] thr=2   paramiko.transport.sftp: [chan 1] stat('/opt/ctr/ctr/ctrapp/ctr/ctrarchive/outfiles/riskwatch/ANVILNY_CSM_Floating_Rate_Note_D_20160224_16_Stress_Testing.csv')
DEB [20160308-01:45:04.694] thr=2   paramiko.transport.sftp: [chan 1] close(00000000)
DEB [20160308-01:45:04.710] thr=2   paramiko.transport.sftp: [chan 1] stat('/opt/ctr/ctr/ctrapp/ctr/ctrarchive/outfiles/riskwatch/ANVILNY_CSM_Floating_Rate_Note_D_20160224_16_Stress_Testing.csv.mrk')
DEB [20160308-01:45:04.710] thr=2   paramiko.transport.sftp: [chan 1] open('/opt/ctr/ctr/ctrapp/ctr/ctrarchive/outfiles/riskwatch/ANVILNY_CSM_Floating_Rate_Note_D_20160224_16_Stress_Testing.csv.mrk', 'rb')
DEB [20160308-01:45:04.710] thr=2   paramiko.transport.sftp: [chan 1] open('/opt/ctr/ctr/ctrapp/ctr/ctrarchive/outfiles/riskwatch/ANVILNY_CSM_Floating_Rate_Note_D_20160224_16_Stress_Testing.csv.mrk', 'rb') -> 00000000
DEB [20160308-01:45:04.710] thr=2   paramiko.transport.sftp: [chan 1] stat('/opt/ctr/ctr/ctrapp/ctr/ctrarchive/outfiles/riskwatch/ANVILNY_CSM_Floating_Rate_Note_D_20160224_16_Stress_Testing.csv.mrk')
DEB [20160308-01:45:04.724] thr=2   paramiko.transport.sftp: [chan 1] close(00000000)
DEB [20160308-01:45:04.724] thr=2   paramiko.transport.sftp: [chan 1] stat('/opt/ctr/ctr/ctrapp/ctr/ctrarchive/outfiles/riskwatch/ANVILNY_Repo_Reverse_Repo_D_20160224_16_Stress_Testing.csv')
DEB [20160308-01:45:04.724] thr=2   paramiko.transport.sftp: [chan 1] open('/opt/ctr/ctr/ctrapp/ctr/ctrarchive/outfiles/riskwatch/ANVILNY_Repo_Reverse_Repo_D_20160224_16_Stress_Testing.csv', 'rb')
DEB [20160308-01:45:04.740] thr=2   paramiko.transport.sftp: [chan 1] open('/opt/ctr/ctr/ctrapp/ctr/ctrarchive/outfiles/riskwatch/ANVILNY_Repo_Reverse_Repo_D_20160224_16_Stress_Testing.csv', 'rb') -> 00000000
DEB [20160308-01:45:04.740] thr=2   paramiko.transport.sftp: [chan 1] stat('/opt/ctr/ctr/ctrapp/ctr/ctrarchive/outfiles/riskwatch/ANVILNY_Repo_Reverse_Repo_D_20160224_16_Stress_Testing.csv')
DEB [20160308-01:45:04.756] thr=2   paramiko.transport.sftp: [chan 1] close(00000000)
DEB [20160308-01:45:04.756] thr=2   paramiko.transport.sftp: [chan 1] stat('/opt/ctr/ctr/ctrapp/ctr/ctrarchive/outfiles/riskwatch/ANVILNY_Repo_Reverse_Repo_D_20160224_16_Stress_Testing.csv.mrk')
DEB [20160308-01:45:04.756] thr=2   paramiko.transport.sftp: [chan 1] open('/opt/ctr/ctr/ctrapp/ctr/ctrarchive/outfiles/riskwatch/ANVILNY_Repo_Reverse_Repo_D_20160224_16_Stress_Testing.csv.mrk', 'rb')
DEB [20160308-01:45:04.756] thr=2   paramiko.transport.sftp: [chan 1] open('/opt/ctr/ctr/ctrapp/ctr/ctrarchive/outfiles/riskwatch/ANVILNY_Repo_Reverse_Repo_D_20160224_16_Stress_Testing.csv.mrk', 'rb') -> 00000000
DEB [20160308-01:45:04.756] thr=2   paramiko.transport.sftp: [chan 1] stat('/opt/ctr/ctr/ctrapp/ctr/ctrarchive/outfiles/riskwatch/ANVILNY_Repo_Reverse_Repo_D_20160224_16_Stress_Testing.csv.mrk')
DEB [20160308-01:45:04.772] thr=2   paramiko.transport.sftp: [chan 1] close(00000000)
DEB [20160308-01:45:04.772] thr=2   paramiko.transport.sftp: [chan 1] stat('/opt/ctr/ctr/ctrapp/ctr/ctrarchive/outfiles/riskwatch/ANVILNY_Position_OTC_D_20160224_16_Stress_Testing.csv')
DEB [20160308-01:45:04.772] thr=2   paramiko.transport.sftp: [chan 1] open('/opt/ctr/ctr/ctrapp/ctr/ctrarchive/outfiles/riskwatch/ANVILNY_Position_OTC_D_20160224_16_Stress_Testing.csv', 'rb')
DEB [20160308-01:45:04.772] thr=2   paramiko.transport.sftp: [chan 1] open('/opt/ctr/ctr/ctrapp/ctr/ctrarchive/outfiles/riskwatch/ANVILNY_Position_OTC_D_20160224_16_Stress_Testing.csv', 'rb') -> 00000000
DEB [20160308-01:45:04.772] thr=2   paramiko.transport.sftp: [chan 1] stat('/opt/ctr/ctr/ctrapp/ctr/ctrarchive/outfiles/riskwatch/ANVILNY_Position_OTC_D_20160224_16_Stress_Testing.csv')
DEB [20160308-01:45:04.834] thr=2   paramiko.transport.sftp: [chan 1] close(00000000)
DEB [20160308-01:45:04.834] thr=2   paramiko.transport.sftp: [chan 1] stat('/opt/ctr/ctr/ctrapp/ctr/ctrarchive/outfiles/riskwatch/ANVILNY_Position_OTC_D_20160224_16_Stress_Testing.csv.mrk')
DEB [20160308-01:45:04.834] thr=2   paramiko.transport.sftp: [chan 1] open('/opt/ctr/ctr/ctrapp/ctr/ctrarchive/outfiles/riskwatch/ANVILNY_Position_OTC_D_20160224_16_Stress_Testing.csv.mrk', 'rb')
DEB [20160308-01:45:04.834] thr=2   paramiko.transport.sftp: [chan 1] open('/opt/ctr/ctr/ctrapp/ctr/ctrarchive/outfiles/riskwatch/ANVILNY_Position_OTC_D_20160224_16_Stress_Testing.csv.mrk', 'rb') -> 00000000
DEB [20160308-01:45:04.834] thr=2   paramiko.transport.sftp: [chan 1] stat('/opt/ctr/ctr/ctrapp/ctr/ctrarchive/outfiles/riskwatch/ANVILNY_Position_OTC_D_20160224_16_Stress_Testing.csv.mrk')
DEB [20160308-01:45:04.849] thr=2   paramiko.transport.sftp: [chan 1] close(00000000)
DEB [20160308-01:45:04.849] thr=2   paramiko.transport.sftp: [chan 1] stat('/opt/ctr/ctr/ctrapp/ctr/ctrarchive/outfiles/riskwatch/ANVILNY_CSM_Inflation_Linked_Bond_D_20160224_16_Stress_Testing.csv')
DEB [20160308-01:45:04.849] thr=2   paramiko.transport.sftp: [chan 1] open('/opt/ctr/ctr/ctrapp/ctr/ctrarchive/outfiles/riskwatch/ANVILNY_CSM_Inflation_Linked_Bond_D_20160224_16_Stress_Testing.csv', 'rb')
DEB [20160308-01:45:04.849] thr=2   paramiko.transport.sftp: [chan 1] open('/opt/ctr/ctr/ctrapp/ctr/ctrarchive/outfiles/riskwatch/ANVILNY_CSM_Inflation_Linked_Bond_D_20160224_16_Stress_Testing.csv', 'rb') -> 00000000
DEB [20160308-01:45:04.849] thr=2   paramiko.transport.sftp: [chan 1] stat('/opt/ctr/ctr/ctrapp/ctr/ctrarchive/outfiles/riskwatch/ANVILNY_CSM_Inflation_Linked_Bond_D_20160224_16_Stress_Testing.csv')
DEB [20160308-01:45:04.881] thr=2   paramiko.transport.sftp: [chan 1] close(00000000)
DEB [20160308-01:45:04.881] thr=2   paramiko.transport.sftp: [chan 1] stat('/opt/ctr/ctr/ctrapp/ctr/ctrarchive/outfiles/riskwatch/ANVILNY_CSM_Inflation_Linked_Bond_D_20160224_16_Stress_Testing.csv.mrk')
DEB [20160308-01:45:04.881] thr=2   paramiko.transport.sftp: [chan 1] open('/opt/ctr/ctr/ctrapp/ctr/ctrarchive/outfiles/riskwatch/ANVILNY_CSM_Inflation_Linked_Bond_D_20160224_16_Stress_Testing.csv.mrk', 'rb')
DEB [20160308-01:45:04.881] thr=2   paramiko.transport.sftp: [chan 1] open('/opt/ctr/ctr/ctrapp/ctr/ctrarchive/outfiles/riskwatch/ANVILNY_CSM_Inflation_Linked_Bond_D_20160224_16_Stress_Testing.csv.mrk', 'rb') -> 00000000
DEB [20160308-01:45:04.881] thr=2   paramiko.transport.sftp: [chan 1] stat('/opt/ctr/ctr/ctrapp/ctr/ctrarchive/outfiles/riskwatch/ANVILNY_CSM_Inflation_Linked_Bond_D_20160224_16_Stress_Testing.csv.mrk')
DEB [20160308-01:45:04.897] thr=2   paramiko.transport.sftp: [chan 1] close(00000000)
DEB [20160308-01:45:05.006] thr=1   paramiko.transport: EOF in transport thread
